[23-Apr-2025 10:14:41 UTC] Categoria en Shortcode Musicas: música,relajación, activación,dormir
[23-Apr-2025 10:15:19 UTC] Usuario autenticado correctamente
[23-Apr-2025 10:15:23 UTC] Categoria en Shortcode Musicas: música,relajación, activación,dormir
[23-Apr-2025 10:16:18 UTC] Categoria en Shortcode Musicas: música,relajación, activación,dormir
[23-Apr-2025 10:17:40 UTC] Categoria en Shortcode Musicas: música,relajación, activación,dormir
[23-Apr-2025 10:24:41 UTC] Categoria en Shortcode Musicas: música,relajación, activación,dormir
[23-Apr-2025 10:25:01 UTC] Usuario autenticado correctamente
[23-Apr-2025 10:25:04 UTC] Categoria en Shortcode Musicas: música,relajación, activación,dormir
[23-Apr-2025 10:27:31 UTC] Categoria en Shortcode Musicas: música,relajación, activación,dormir
[23-Apr-2025 10:27:34 UTC] Categoria en Shortcode Musicas: música,relajación, activación,dormir
[23-Apr-2025 10:32:00 UTC] Categoria en Shortcode Musicas: música,relajación, activación,dormir
[23-Apr-2025 10:32:34 UTC] Usuario autenticado correctamente
[23-Apr-2025 10:33:06 UTC] PHP Warning:  Undefined variable $tabla_favoritos in C:\xampp\htdocs\alertcalm\alertcalm-wp-bueno\wp-content\plugins\alertcalm-crud\alertcalm-crud.php on line 40
[23-Apr-2025 10:33:06 UTC] WordPress database error You have an error in your SQL syntax; check the manual that corresponds to your MariaDB server version for the right syntax to use near '(
    id INT NOT NULL AUTO_INCREMENT,
    user_id BIGINT UNSIGNED NOT NULL,...' at line 1 for query CREATE TABLE  (
    id INT NOT NULL AUTO_INCREMENT,
    user_id BIGINT UNSIGNED NOT NULL,
    tipo ENUM('musica', 'meditacion') NOT NULL,
    item_id INT NOT NULL,
    PRIMARY KEY (id),
    FOREIGN KEY (user_id) REFERENCES wp_users(ID) ON DELETE CASCADE
) made by activate_plugin, do_action('activate_alertcalm-crud/alertcalm-crud.php'), WP_Hook->do_action, WP_Hook->apply_filters, crear_tabla_musica_y_meditaciones, dbDelta
[23-Apr-2025 10:33:13 UTC] Categoria en Shortcode Musicas: música,relajación, activación,dormir
[23-Apr-2025 10:34:55 UTC] Categoria en Shortcode Musicas: música,relajación, activación,dormir
[23-Apr-2025 10:35:12 UTC] Categoria en Shortcode Musicas: música,relajación, activación,dormir
[23-Apr-2025 10:35:50 UTC] Usuario autenticado correctamente
[23-Apr-2025 10:35:56 UTC] Categoria en Shortcode Musicas: música,relajación, activación,dormir
[23-Apr-2025 10:41:14 UTC] Categoria en Shortcode Musicas: música,relajación, activación,dormir
[23-Apr-2025 10:43:53 UTC] Categoria en Shortcode Musicas: música,relajación, activación,dormir
[23-Apr-2025 10:45:23 UTC] Categoria en Shortcode Musicas: música,relajación, activación,dormir
[23-Apr-2025 10:45:47 UTC] Categoria en Shortcode Musicas: música,relajación, activación,dormir
[23-Apr-2025 10:48:49 UTC] Categoria en Shortcode Musicas: música,relajación, activación,dormir
[23-Apr-2025 10:56:55 UTC] Categoria en Shortcode Musicas: música,relajación, activación,dormir
[23-Apr-2025 10:57:19 UTC] Categoria en Shortcode Musicas: música,relajación, activación,dormir
[23-Apr-2025 10:59:14 UTC] Categoria en Shortcode Musicas: música,relajación, activación,dormir
[23-Apr-2025 10:59:30 UTC] Categoria en Shortcode Musicas: música,relajación, activación,dormir
[23-Apr-2025 11:01:01 UTC] Categoria en Shortcode Musicas: música,relajación, activación,dormir
[23-Apr-2025 11:01:05 UTC] Categoria en Shortcode Musicas: música,relajación, activación,dormir
[23-Apr-2025 11:01:25 UTC] Categoria en Shortcode Musicas: música,relajación, activación,dormir
[23-Apr-2025 11:02:05 UTC] Categoria en Shortcode Musicas: música,relajación, activación,dormir
[23-Apr-2025 11:02:16 UTC] Categoria en Shortcode Musicas: música,relajación, activación,dormir
[23-Apr-2025 11:02:39 UTC] Categoria en Shortcode Musicas: música,relajación, activación,dormir
[23-Apr-2025 11:02:48 UTC] Categoria en Shortcode Musicas: música,relajación, activación,dormir
[23-Apr-2025 11:03:14 UTC] Categoria en Shortcode Musicas: música,relajación, activación,dormir
[23-Apr-2025 11:16:12 UTC] Categoria en Shortcode Musicas: música,relajación, activación,dormir
[23-Apr-2025 11:16:58 UTC] Usuario autenticado correctamente
[23-Apr-2025 11:17:01 UTC] Categoria en Shortcode Musicas: música,relajación, activación,dormir
[23-Apr-2025 11:23:56 UTC] Categoria en Shortcode Musicas: música,relajación, activación,dormir
[23-Apr-2025 11:25:07 UTC] Categoria en Shortcode Musicas: música,relajación, activación,dormir
[23-Apr-2025 11:28:45 UTC] Categoria en Shortcode Musicas: música,relajación, activación,dormir
[23-Apr-2025 11:38:58 UTC] Categoria en Shortcode Musicas: música,relajación, activación,dormir
[23-Apr-2025 11:42:58 UTC] Categoria en Shortcode Musicas: música,relajación, activación,dormir
[23-Apr-2025 12:29:13 UTC] Error en el login: <strong>Error</strong>: El nombre de usuario <strong>ca</strong> no está registrado en este sitio. Si no estás seguro de tu nombre de usuario, prueba con tu dirección de correo electrónico en su lugar.
[23-Apr-2025 12:29:20 UTC] Usuario autenticado correctamente
[23-Apr-2025 12:29:24 UTC] Categoria en Shortcode Musicas: música,relajación, activación,dormir
[23-Apr-2025 12:49:00 UTC] Usuario autenticado correctamente
[23-Apr-2025 12:49:36 UTC] Categoria en Shortcode Musicas: música,relajación, activación,dormir
[23-Apr-2025 12:49:40 UTC] Categoria en Shortcode Musicas: música,relajación, activación,dormir
[23-Apr-2025 13:22:29 UTC] Categoria en Shortcode Musicas: música,relajación, activación,dormir
[23-Apr-2025 13:23:02 UTC] Categoria en Shortcode Musicas: música,relajación, activación,dormir
[23-Apr-2025 13:23:10 UTC] Categoria en Shortcode Musicas: música,relajación, activación,dormir
[23-Apr-2025 13:26:14 UTC] Categoria en Shortcode Musicas: música,relajación, activación,dormir
[23-Apr-2025 13:26:21 UTC] Usuario autenticado correctamente
[23-Apr-2025 13:26:24 UTC] Categoria en Shortcode Musicas: música,relajación, activación,dormir
[23-Apr-2025 13:29:26 UTC] Categoria en Shortcode Musicas: música,relajación, activación,dormir
[23-Apr-2025 13:30:27 UTC] Categoria en Shortcode Musicas: música,relajación, activación,dormir
[23-Apr-2025 13:31:47 UTC] Categoria en Shortcode Musicas: música,relajación, activación,dormir
[23-Apr-2025 13:34:02 UTC] Categoria en Shortcode Musicas: música,relajación, activación,dormir
[23-Apr-2025 13:35:54 UTC] Categoria en Shortcode Musicas: música,relajación, activación,dormir
[23-Apr-2025 13:36:08 UTC] Categoria en Shortcode Musicas: música,relajación, activación,dormir
[23-Apr-2025 13:39:43 UTC] Categoria en Shortcode Musicas: música,relajación, activación,dormir
[23-Apr-2025 13:39:48 UTC] Categoria en Shortcode Musicas: música,relajación, activación,dormir
[23-Apr-2025 13:40:12 UTC] Categoria en Shortcode Musicas: música,relajación, activación,dormir
[23-Apr-2025 13:40:15 UTC] Categoria en Shortcode Musicas: música,relajación, activación,dormir
[23-Apr-2025 13:40:20 UTC] Categoria en Shortcode Musicas: música,relajación, activación,dormir
[23-Apr-2025 13:40:28 UTC] Categoria en Shortcode Musicas: música,relajación, activación,dormir
[23-Apr-2025 13:40:32 UTC] Categoria en Shortcode Musicas: música,relajación, activación,dormir
[23-Apr-2025 13:41:20 UTC] Categoria en Shortcode Musicas: música,relajación, activación,dormir
[23-Apr-2025 13:41:27 UTC] Categoria en Shortcode Musicas: música,relajación, activación,dormir
[23-Apr-2025 13:42:11 UTC] Categoria en Shortcode Musicas: música,relajación, activación,dormir
[23-Apr-2025 13:42:19 UTC] Usuario autenticado correctamente
[23-Apr-2025 13:42:23 UTC] Categoria en Shortcode Musicas: música,relajación, activación,dormir
[23-Apr-2025 13:44:49 UTC] Categoria en Shortcode Musicas: música,relajación, activación,dormir
[23-Apr-2025 13:45:41 UTC] Categoria en Shortcode Musicas: música,relajación, activación,dormir
[23-Apr-2025 13:45:54 UTC] Categoria en Shortcode Musicas: música,relajación, activación,dormir
[23-Apr-2025 13:46:03 UTC] Usuario autenticado correctamente
[23-Apr-2025 13:46:08 UTC] Categoria en Shortcode Musicas: música,relajación, activación,dormir
[23-Apr-2025 13:47:44 UTC] Categoria en Shortcode Musicas: música,relajación, activación,dormir
[23-Apr-2025 13:48:54 UTC] Categoria en Shortcode Musicas: música,relajación, activación,dormir
[23-Apr-2025 13:49:09 UTC] Usuario autenticado correctamente
[23-Apr-2025 13:49:13 UTC] Categoria en Shortcode Musicas: música,relajación, activación,dormir
[23-Apr-2025 13:49:19 UTC] Categoria en Shortcode Musicas: música,relajación, activación,dormir
[23-Apr-2025 13:49:37 UTC] Categoria en Shortcode Musicas: música,relajación, activación,dormir
[23-Apr-2025 13:52:16 UTC] Usuario autenticado correctamente
[23-Apr-2025 13:52:19 UTC] Categoria en Shortcode Musicas: música,relajación, activación,dormir
[23-Apr-2025 13:53:16 UTC] Categoria en Shortcode Musicas: música,relajación, activación,dormir
